<?xml version="1.0" encoding="UTF-8"?>
<!-- Generated by org.testng.reporters.JUnitXMLReporter -->
<testsuite ignored="0" hostname="DESKTOP-SPS7N41" failures="0" tests="4" name="Test" time="28.826" errors="0" timestamp="2020-12-30T13:32:17 JST">
  <testcase classname="SeleniumFramework.FinalProject.ValudateNavBar" name="basePageToNavigate" time="6.145"/>
  <testcase classname="SeleniumFramework.FinalProject.ValidateTitle" name="basePageToNavigate" time="6.339"/>
  <testcase classname="SeleniumFramework.FinalProject.HomePage" name="basePageToNavigate" time="7.444"/>
  <testcase classname="SeleniumFramework.FinalProject.HomePage" name="basePageToNavigate" time="8.853"/>
</testsuite> <!-- Test -->
