<?xml version="1.0" encoding="UTF-8"?>
<!-- Generated by org.testng.reporters.JUnitXMLReporter -->
<testsuite ignored="0" hostname="DESKTOP-SPS7N41" failures="0" tests="4" name="Test" time="26.734" errors="0" timestamp="2020-12-30T16:32:20 JST">
  <testcase classname="SeleniumFramework.FinalProject.ValudateNavBar" name="basePageToNavigate" time="0.095"/>
  <testcase classname="SeleniumFramework.FinalProject.ValidateTitle" name="basePageToNavigate" time="0.049"/>
  <testcase classname="SeleniumFramework.FinalProject.HomePage" name="basePageToNavigate" time="7.198"/>
  <testcase classname="SeleniumFramework.FinalProject.HomePage" name="basePageToNavigate" time="7.082"/>
</testsuite> <!-- Test -->
