<?xml version="1.0" encoding="UTF-8"?>
<!-- Generated by org.testng.reporters.JUnitXMLReporter -->
<testsuite ignored="0" hostname="DESKTOP-SPS7N41" failures="0" tests="2" name="Validating user inputs" time="11.583" errors="0" timestamp="2021-01-01T16:57:51 JST">
  <testcase classname="SeleniumFramework.FinalProject.HomePage" name="basePageToNavigate" time="5.673"/>
  <testcase classname="SeleniumFramework.FinalProject.HomePage" name="basePageToNavigate" time="1.487"/>
</testsuite> <!-- Validating user inputs -->
