<?xml version="1.0" encoding="UTF-8"?>
<!-- Generated by org.testng.reporters.JUnitXMLReporter -->
<testsuite ignored="0" hostname="DESKTOP-SPS7N41" failures="0" tests="2" name="Validating user inputs" time="10.159" errors="0" timestamp="2021-01-01T21:25:18 JST">
  <testcase classname="SeleniumFramework.FinalProject.HomePage" name="basePageToNavigate" time="4.178"/>
  <testcase classname="SeleniumFramework.FinalProject.HomePage" name="basePageToNavigate" time="1.539"/>
</testsuite> <!-- Validating user inputs -->
