<?xml version="1.0" encoding="UTF-8"?>
<!-- Generated by org.testng.reporters.JUnitXMLReporter -->
<testsuite ignored="0" hostname="DESKTOP-SPS7N41" failures="1" tests="1" name="Validation site title" time="10.8" errors="0" timestamp="2021-01-01T21:25:19 JST">
  <testcase classname="SeleniumFramework.FinalProject.ValidateTitle" name="validatingTitle" time="0.037">
    <failure type="java.lang.AssertionError" message="expected [FEATURED COURSES123] but found [FEATURED COURSES]">
      <![CDATA[java.lang.AssertionError: expected [FEATURED COURSES123] but found [FEATURED COURSES]
at SeleniumFramework.FinalProject.ValidateTitle.validatingTitle(ValidateTitle.java:39)
at java.base/java.util.ArrayList.forEach(ArrayList.java:1541)
at java.base/java.util.concurrent.FutureTask.run(FutureTask.java:264)
at java.base/java.util.concurrent.ThreadPoolExecutor.runWorker(ThreadPoolExecutor.java:1128)
at java.base/java.util.concurrent.ThreadPoolExecutor$Worker.run(ThreadPoolExecutor.java:628)
at java.base/java.lang.Thread.run(Thread.java:829)
... Removed 24 stack frames]]>
    </failure>
  </testcase> <!-- validatingTitle -->
</testsuite> <!-- Validation site title -->
