<?xml version="1.0" encoding="UTF-8"?>
<testng-results ignored="0" total="4" passed="3" failed="1" skipped="0">
  <reporter-output>
  </reporter-output>
  <suite started-at="2020-12-31T15:52:40 JST" name="Suite" finished-at="2020-12-31T15:52:53 JST" duration-ms="12647">
    <groups>
    </groups>
    <test started-at="2020-12-31T15:52:40 JST" name="App Test" finished-at="2020-12-31T15:52:40 JST" duration-ms="8">
    </test> <!-- App Test -->
    <test started-at="2020-12-31T15:52:40 JST" name="Validation site title" finished-at="2020-12-31T15:52:48 JST" duration-ms="7685">
      <class name="SeleniumFramework.FinalProject.ValidateTitle">
        <test-method is-config="true" signature="initializer()[pri:0, instance:SeleniumFramework.FinalProject.ValidateTitle@e077866]" started-at="2020-12-31T15:52:40 JST" name="initializer" finished-at="2020-12-31T15:52:47 JST" duration-ms="6454" status="PASS">
          <reporter-output>
          </reporter-output>
        </test-method> <!-- initializer -->
        <test-method signature="validatingTitle()[pri:0, instance:SeleniumFramework.FinalProject.ValidateTitle@e077866]" started-at="2020-12-31T15:52:47 JST" name="validatingTitle" finished-at="2020-12-31T15:52:47 JST" duration-ms="28" status="FAIL">
          <exception class="java.lang.AssertionError">
            <message>
              <![CDATA[expected [FEATURED COURSES123] but found [FEATURED COURSES]]]>
            </message>
            <full-stacktrace>
              <![CDATA[java.lang.AssertionError: expected [FEATURED COURSES123] but found [FEATURED COURSES]
at org.testng.Assert.fail(Assert.java:99)
at org.testng.Assert.failNotEquals(Assert.java:1037)
at org.testng.Assert.assertEqualsImpl(Assert.java:140)
at org.testng.Assert.assertEquals(Assert.java:122)
at org.testng.Assert.assertEquals(Assert.java:629)
at org.testng.Assert.assertEquals(Assert.java:639)
at SeleniumFramework.FinalProject.ValidateTitle.validatingTitle(ValidateTitle.java:39)
at java.base/jdk.internal.reflect.NativeMethodAccessorImpl.invoke0(Native Method)
at java.base/jdk.internal.reflect.NativeMethodAccessorImpl.invoke(NativeMethodAccessorImpl.java:62)
at java.base/jdk.internal.reflect.DelegatingMethodAccessorImpl.invoke(DelegatingMethodAccessorImpl.java:43)
at java.base/java.lang.reflect.Method.invoke(Method.java:566)
at org.testng.internal.MethodInvocationHelper.invokeMethod(MethodInvocationHelper.java:132)
at org.testng.internal.TestInvoker.invokeMethod(TestInvoker.java:599)
at org.testng.internal.TestInvoker.invokeTestMethod(TestInvoker.java:174)
at org.testng.internal.MethodRunner.runInSequence(MethodRunner.java:46)
at org.testng.internal.TestInvoker$MethodInvocationAgent.invoke(TestInvoker.java:822)
at org.testng.internal.TestInvoker.invokeTestMethods(TestInvoker.java:147)
at org.testng.internal.TestMethodWorker.invokeTestMethods(TestMethodWorker.java:146)
at org.testng.internal.TestMethodWorker.run(TestMethodWorker.java:128)
at java.base/java.util.ArrayList.forEach(ArrayList.java:1541)
at org.testng.TestRunner.privateRun(TestRunner.java:764)
at org.testng.TestRunner.run(TestRunner.java:585)
at org.testng.SuiteRunner.runTest(SuiteRunner.java:384)
at org.testng.SuiteRunner.access$000(SuiteRunner.java:28)
at org.testng.SuiteRunner$SuiteWorker.run(SuiteRunner.java:425)
at org.testng.internal.thread.ThreadUtil.lambda$execute$0(ThreadUtil.java:66)
at java.base/java.util.concurrent.FutureTask.run(FutureTask.java:264)
at java.base/java.util.concurrent.ThreadPoolExecutor.runWorker(ThreadPoolExecutor.java:1128)
at java.base/java.util.concurrent.ThreadPoolExecutor$Worker.run(ThreadPoolExecutor.java:628)
at java.base/java.lang.Thread.run(Thread.java:829)
]]>
            </full-stacktrace>
          </exception> <!-- java.lang.AssertionError -->
          <reporter-output>
          </reporter-output>
        </test-method> <!-- validatingTitle -->
        <test-method is-config="true" signature="teardown()[pri:0, instance:SeleniumFramework.FinalProject.ValidateTitle@e077866]" started-at="2020-12-31T15:52:47 JST" name="teardown" finished-at="2020-12-31T15:52:48 JST" duration-ms="644" status="PASS">
          <reporter-output>
          </reporter-output>
        </test-method> <!-- teardown -->
      </class> <!-- SeleniumFramework.FinalProject.ValidateTitle -->
    </test> <!-- Validation site title -->
    <test started-at="2020-12-31T15:52:40 JST" name="Validation navbar" finished-at="2020-12-31T15:52:49 JST" duration-ms="8907">
      <class name="SeleniumFramework.FinalProject.ValudateNavBar">
        <test-method is-config="true" signature="initializer()[pri:0, instance:SeleniumFramework.FinalProject.ValudateNavBar@2e11485]" started-at="2020-12-31T15:52:40 JST" name="initializer" finished-at="2020-12-31T15:52:48 JST" duration-ms="8121" status="PASS">
          <reporter-output>
          </reporter-output>
        </test-method> <!-- initializer -->
        <test-method signature="basePageToNavigate()[pri:0, instance:SeleniumFramework.FinalProject.ValudateNavBar@2e11485]" started-at="2020-12-31T15:52:48 JST" name="basePageToNavigate" finished-at="2020-12-31T15:52:48 JST" duration-ms="118" status="PASS">
          <reporter-output>
          </reporter-output>
        </test-method> <!-- basePageToNavigate -->
        <test-method is-config="true" signature="teardown()[pri:0, instance:SeleniumFramework.FinalProject.ValudateNavBar@2e11485]" started-at="2020-12-31T15:52:48 JST" name="teardown" finished-at="2020-12-31T15:52:49 JST" duration-ms="661" status="PASS">
          <reporter-output>
          </reporter-output>
        </test-method> <!-- teardown -->
      </class> <!-- SeleniumFramework.FinalProject.ValudateNavBar -->
    </test> <!-- Validation navbar -->
    <test started-at="2020-12-31T15:52:40 JST" name="Validating user inputs" finished-at="2020-12-31T15:52:53 JST" duration-ms="12647">
      <class name="SeleniumFramework.FinalProject.HomePage">
        <test-method is-config="true" signature="initializer()[pri:0, instance:SeleniumFramework.FinalProject.HomePage@328cf0e1]" started-at="2020-12-31T15:52:40 JST" name="initializer" finished-at="2020-12-31T15:52:44 JST" duration-ms="3670" status="PASS">
          <reporter-output>
          </reporter-output>
        </test-method> <!-- initializer -->
        <test-method signature="basePageToNavigate(java.lang.String, java.lang.String, java.lang.String)[pri:0, instance:SeleniumFramework.FinalProject.HomePage@328cf0e1]" started-at="2020-12-31T15:52:44 JST" name="basePageToNavigate" data-provider="getData" finished-at="2020-12-31T15:52:51 JST" duration-ms="6761" status="PASS">
          <params>
            <param index="0">
              <value>
                <![CDATA[nonstrict@test.com]]>
              </value>
            </param>
            <param index="1">
              <value>
                <![CDATA[123456]]>
              </value>
            </param>
            <param index="2">
              <value>
                <![CDATA[NonStrict User]]>
              </value>
            </param>
          </params>
          <reporter-output>
          </reporter-output>
        </test-method> <!-- basePageToNavigate -->
        <test-method signature="basePageToNavigate(java.lang.String, java.lang.String, java.lang.String)[pri:0, instance:SeleniumFramework.FinalProject.HomePage@328cf0e1]" started-at="2020-12-31T15:52:51 JST" name="basePageToNavigate" data-provider="getData" finished-at="2020-12-31T15:52:52 JST" duration-ms="1571" status="PASS">
          <params>
            <param index="0">
              <value>
                <![CDATA[strict@test.com]]>
              </value>
            </param>
            <param index="1">
              <value>
                <![CDATA[123456]]>
              </value>
            </param>
            <param index="2">
              <value>
                <![CDATA[Strict User]]>
              </value>
            </param>
          </params>
          <reporter-output>
          </reporter-output>
        </test-method> <!-- basePageToNavigate -->
        <test-method is-config="true" signature="teardown()[pri:0, instance:SeleniumFramework.FinalProject.HomePage@328cf0e1]" started-at="2020-12-31T15:52:52 JST" name="teardown" finished-at="2020-12-31T15:52:53 JST" duration-ms="622" status="PASS">
          <reporter-output>
          </reporter-output>
        </test-method> <!-- teardown -->
      </class> <!-- SeleniumFramework.FinalProject.HomePage -->
    </test> <!-- Validating user inputs -->
  </suite> <!-- Suite -->
</testng-results>
