<?xml version="1.0" encoding="UTF-8"?>
<testng-results ignored="0" total="2" passed="2" failed="0" skipped="0">
  <reporter-output>
  </reporter-output>
  <suite started-at="2020-12-30T13:56:35 JST" name="Default suite" finished-at="2020-12-30T13:56:50 JST" duration-ms="15053">
    <groups>
    </groups>
    <test started-at="2020-12-30T13:56:35 JST" name="Default test" finished-at="2020-12-30T13:56:50 JST" duration-ms="15053">
      <class name="SeleniumFramework.FinalProject.HomePage">
        <test-method signature="basePageToNavigate(java.lang.String, java.lang.String, java.lang.String)[pri:0, instance:SeleniumFramework.FinalProject.HomePage@36d585c]" started-at="2020-12-30T13:56:35 JST" name="basePageToNavigate" data-provider="getData" finished-at="2020-12-30T13:56:42 JST" duration-ms="7672" status="PASS">
          <params>
            <param index="0">
              <value>
                <![CDATA[nonstrict@test.com]]>
              </value>
            </param>
            <param index="1">
              <value>
                <![CDATA[123456]]>
              </value>
            </param>
            <param index="2">
              <value>
                <![CDATA[NonStrict User]]>
              </value>
            </param>
          </params>
          <reporter-output>
          </reporter-output>
        </test-method> <!-- basePageToNavigate -->
        <test-method signature="basePageToNavigate(java.lang.String, java.lang.String, java.lang.String)[pri:0, instance:SeleniumFramework.FinalProject.HomePage@36d585c]" started-at="2020-12-30T13:56:42 JST" name="basePageToNavigate" data-provider="getData" finished-at="2020-12-30T13:56:50 JST" duration-ms="7335" status="PASS">
          <params>
            <param index="0">
              <value>
                <![CDATA[strict@test.com]]>
              </value>
            </param>
            <param index="1">
              <value>
                <![CDATA[123456]]>
              </value>
            </param>
            <param index="2">
              <value>
                <![CDATA[Strict User]]>
              </value>
            </param>
          </params>
          <reporter-output>
          </reporter-output>
        </test-method> <!-- basePageToNavigate -->
      </class> <!-- SeleniumFramework.FinalProject.HomePage -->
    </test> <!-- Default test -->
  </suite> <!-- Default suite -->
</testng-results>
